\BOOKMARK [1][-]{section.1}{\376\377\000E\000i\000n\000l\000e\000i\000t\000u\000n\000g}{}% 1
\BOOKMARK [1][-]{section.2}{\376\377\000A\000u\000f\000g\000a\000b\000e\000n\000b\000e\000s\000c\000h\000r\000e\000i\000b\000u\000n\000g}{}% 2
\BOOKMARK [2][-]{subsection.2.1}{\376\377\000S\000p\000i\000e\000l\000r\000e\000g\000e\000l\000n}{section.2}% 3
\BOOKMARK [2][-]{subsection.2.2}{\376\377\000S\000p\000i\000e\000l\000a\000b\000l\000a\000u\000f}{section.2}% 4
\BOOKMARK [2][-]{subsection.2.3}{\376\377\000D\000a\000r\000s\000t\000e\000l\000l\000u\000n\000g\000\040\000i\000n\000\040\000J\000S\000O\000N}{section.2}% 5
\BOOKMARK [1][-]{section.3}{\376\377\000L\000\366\000s\000u\000n\000g\000s\000a\000n\000s\000\344\000t\000z\000e}{}% 6
\BOOKMARK [2][-]{subsection.3.1}{\376\377\000R\000e\000i\000n\000f\000o\000r\000c\000e\000m\000e\000n\000t\000\040\000L\000e\000a\000r\000n\000i\000n\000g}{section.3}% 7
\BOOKMARK [2][-]{subsection.3.2}{\376\377\000D\000e\000e\000p\000-\000Q\000-\000L\000e\000a\000r\000n\000i\000n\000g}{section.3}% 8
\BOOKMARK [2][-]{subsection.3.3}{\376\377\000A\000c\000t\000o\000r\000-\000C\000r\000i\000t\000i\000c}{section.3}% 9
\BOOKMARK [2][-]{subsection.3.4}{\376\377\000M\000o\000n\000e\000-\000C\000a\000r\000l\000o\000-\000S\000e\000a\000r\000c\000h\000-\000T\000r\000e\000e}{section.3}% 10
\BOOKMARK [2][-]{subsection.3.5}{\376\377\000R\000e\000g\000e\000l\000b\000a\000s\000i\000e\000r\000t\000e\000r\000\040\000A\000n\000s\000a\000t\000z}{section.3}% 11
\BOOKMARK [1][-]{section.4}{\376\377\000L\000\366\000s\000u\000n\000g\000s\000u\000m\000s\000e\000t\000z\000u\000n\000g}{}% 12
\BOOKMARK [2][-]{subsection.4.1}{\376\377\000P\000r\000o\000g\000r\000a\000m\000m\000i\000e\000r\000s\000p\000r\000a\000c\000h\000e\000\040\000u\000n\000d\000\040\000B\000i\000b\000l\000i\000o\000t\000h\000e\000k\000e\000n}{section.4}% 13
\BOOKMARK [2][-]{subsection.4.2}{\376\377\000G\000r\000u\000n\000d\000i\000d\000e\000e}{section.4}% 14
\BOOKMARK [2][-]{subsection.4.3}{\376\377\040\034\000P\000r\000o\000f\000i\000t\000!\040\035\000\040\000U\000m\000g\000e\000b\000u\000n\000g}{section.4}% 15
\BOOKMARK [3][-]{subsubsection.4.3.1}{\376\377\000E\000n\000v\000i\000r\000o\000n\000m\000e\000n\000t\000-\000K\000l\000a\000s\000s\000e\000\040\000u\000n\000d\000\040\000G\000e\000b\000\344\000u\000d\000e}{subsection.4.3}% 16
\BOOKMARK [3][-]{subsubsection.4.3.2}{\376\377\000S\000p\000i\000e\000l\000-\000S\000i\000m\000u\000l\000a\000t\000i\000o\000n}{subsection.4.3}% 17
\BOOKMARK [3][-]{subsubsection.4.3.3}{\376\377\000O\000p\000t\000i\000m\000a\000l\000e\000\040\000S\000c\000o\000r\000e}{subsection.4.3}% 18
\BOOKMARK [3][-]{subsubsection.4.3.4}{\376\377\000T\000e\000s\000t\000i\000n\000g}{subsection.4.3}% 19
\BOOKMARK [2][-]{subsection.4.4}{\376\377\000U\000n\000t\000e\000r\000g\000e\000o\000r\000d\000n\000e\000t\000e\000r\000\040\000A\000g\000e\000n\000t}{section.4}% 20
\BOOKMARK [2][-]{subsection.4.5}{\376\377\000\334\000b\000e\000r\000g\000e\000o\000r\000d\000n\000e\000t\000e\000\040\000A\000g\000e\000n\000t}{section.4}% 21
\BOOKMARK [2][-]{subsection.4.6}{\376\377\000W\000a\000r\000t\000b\000a\000r\000k\000e\000i\000t}{section.4}% 22
\BOOKMARK [1][-]{section.5}{\376\377\000B\000e\000n\000u\000t\000z\000e\000r\000h\000a\000n\000d\000b\000u\000c\000h}{}% 23
\BOOKMARK [1][-]{section.6}{\376\377\000E\000v\000a\000l\000u\000a\000t\000i\000o\000n}{}% 24
\BOOKMARK [1][-]{section.7}{\376\377\000F\000a\000z\000i\000t}{}% 25
\BOOKMARK [1][-]{section.7}{\376\377\000L\000i\000t\000e\000r\000a\000t\000u\000r\000v\000e\000r\000z\000e\000i\000c\000h\000n\000i\000s}{}% 26
